<?xml version="1.0" encoding="UTF-8"?>
<!-- Generated by org.testng.reporters.JUnitReportReporter -->
<testsuite hostname="laugh-tale" failures="0" tests="2" name="com.juaracoding.restassured.Test01_GET" time="4.159" errors="0" timestamp="2022-02-02T14:22:36 WIB" skipped="0">
  <testcase classname="com.juaracoding.restassured.Test01_GET" name="test_01" time="3.109"/>
  <system-out/>
  <testcase classname="com.juaracoding.restassured.Test01_GET" name="test_02" time="1.050"/>
  <system-out/>
</testsuite> <!-- com.juaracoding.restassured.Test01_GET -->
