<?xml version="1.0" encoding="UTF-8"?>
<!-- Generated by org.testng.reporters.JUnitReportReporter -->
<testsuite hostname="laugh-tale" failures="0" tests="1" name="com.juaracoding.restassured.Test02_CRUD" time="3.546" errors="0" timestamp="2022-02-02T15:02:20 WIB" skipped="0">
  <testcase classname="com.juaracoding.restassured.Test02_CRUD" name="test04_delete" time="3.546"/>
  <system-out/>
</testsuite> <!-- com.juaracoding.restassured.Test02_CRUD -->
